This file contains any messages produced by compilers while
running configure, to aid debugging if configure makes a mistake.

It was created by GNU Autoconf configure 2.69, which was
generated by GNU Autoconf 2.69.  Invocation command line was

  $ ./configure 

## --------- ##
## Platform. ##
## --------- ##

hostname = lwanda
uname -m = x86_64
uname -r = 5.15.0-91-generic
uname -s = Linux
uname -v = #101~20.04.1-Ubuntu SMP Thu Nov 16 14:22:28 UTC 2023

/usr/bin/uname -p = x86_64
/bin/uname -X     = unknown

/bin/arch              = x86_64
/usr/bin/arch -k       = unknown
/usr/convex/getsysinfo = unknown
/usr/bin/hostinfo      = unknown
/bin/machine           = unknown
/usr/bin/oslevel       = unknown
/bin/universe          = unknown

PATH: /home/lwanda/.yarn/bin
PATH: /home/lwanda/.config/yarn/global/node_modules/.bin
PATH: /home/lwanda/.nvm/versions/node/v20.10.0/bin
PATH: /home/lwanda/.local/bin
PATH: /usr/local/sbin
PATH: /usr/local/bin
PATH: /usr/sbin
PATH: /usr/bin
PATH: /sbin
PATH: /bin
PATH: /usr/games
PATH: /usr/local/games
PATH: /snap/bin


## ----------- ##
## Core tests. ##
## ----------- ##

configure:1792: checking for a BSD-compatible install
configure:1860: result: /usr/bin/install -c
configure:1871: checking whether build environment is sane
configure:1921: result: yes
configure:2062: checking for a thread-safe mkdir -p
configure:2101: result: /usr/bin/mkdir -p
configure:2114: checking for gawk
configure:2144: result: no
configure:2114: checking for mawk
configure:2130: found /usr/bin/mawk
configure:2141: result: mawk
configure:2152: checking whether make sets $(MAKE)
configure:2174: result: yes
configure:2259: checking build system type
configure:2273: result: x86_64-unknown-linux-gnu
configure:2293: checking host system type
configure:2306: result: x86_64-unknown-linux-gnu
configure:2333: autobuild project... GNU Autoconf
configure:2339: autobuild revision... 2.69
configure:2344: autobuild hostname... lwanda
configure:2355: autobuild timestamp... 20240201T102830Z
configure:2383: checking whether /bin/sh -n is known to work
configure:2402: result: no
configure:2406: checking for characters that cannot appear in file names
configure:2426: result: none
configure:2432: checking whether directories can have trailing spaces
configure:2446: result: yes
configure:2457: checking for expr
configure:2475: found /usr/bin/expr
configure:2487: result: /usr/bin/expr
configure:2506: checking for GNU M4 that supports accurate traces
configure:2555: result: /usr/bin/m4
configure:2558: checking whether /usr/bin/m4 accepts --gnu
configure:2568: result: yes
configure:2585: checking how m4 supports trace files
configure:2595: result: --debugfile
configure:2619: checking for perl
configure:2637: found /usr/bin/perl
configure:2650: result: /usr/bin/perl
configure:2669: checking whether /usr/bin/perl Fcntl::flock is implemented
configure:2683: result: yes
configure:2701: checking for emacs
configure:2731: result: no
configure:2701: checking for xemacs
configure:2731: result: no
configure:2784: checking for emacs
configure:2811: result: no
configure:2835: checking where .elc files should go
configure:2864: result: ${datadir}/emacs/site-lisp
configure:2877: checking for grep that handles long lines and -e
configure:2935: result: /usr/bin/grep
configure:2940: checking for egrep
configure:3002: result: /usr/bin/grep -E
configure:3007: checking for a sed that does not truncate output
configure:3071: result: /usr/bin/sed
configure:3081: checking whether make is case sensitive
configure:3096: result: yes
configure:3267: creating ./config.status

## ---------------------- ##
## Running config.status. ##
## ---------------------- ##

This file was extended by GNU Autoconf config.status 2.69, which was
generated by GNU Autoconf 2.69.  Invocation command line was

  CONFIG_FILES    = 
  CONFIG_HEADERS  = 
  CONFIG_LINKS    = 
  CONFIG_COMMANDS = 
  $ ./config.status 

on lwanda

config.status:793: creating tests/Makefile
config.status:793: creating tests/atlocal
config.status:793: creating man/Makefile
config.status:793: creating lib/emacs/Makefile
config.status:793: creating Makefile
config.status:793: creating doc/Makefile
config.status:793: creating lib/Makefile
config.status:793: creating lib/Autom4te/Makefile
config.status:793: creating lib/autoscan/Makefile
config.status:793: creating lib/m4sugar/Makefile
config.status:793: creating lib/autoconf/Makefile
config.status:793: creating lib/autotest/Makefile
config.status:793: creating bin/Makefile
config.status:996: executing tests/atconfig commands

## ---------------- ##
## Cache variables. ##
## ---------------- ##

ac_cv_build=x86_64-unknown-linux-gnu
ac_cv_dir_trailing_space=yes
ac_cv_env_EMACSLOADPATH_set=
ac_cv_env_EMACSLOADPATH_value=
ac_cv_env_EMACS_set=
ac_cv_env_EMACS_value=
ac_cv_env_M4_set=
ac_cv_env_M4_value=
ac_cv_env_build_alias_set=
ac_cv_env_build_alias_value=
ac_cv_env_host_alias_set=
ac_cv_env_host_alias_value=
ac_cv_env_target_alias_set=
ac_cv_env_target_alias_value=
ac_cv_host=x86_64-unknown-linux-gnu
ac_cv_path_EGREP='/usr/bin/grep -E'
ac_cv_path_EXPR=/usr/bin/expr
ac_cv_path_GREP=/usr/bin/grep
ac_cv_path_M4=/usr/bin/m4
ac_cv_path_PERL=/usr/bin/perl
ac_cv_path_SED=/usr/bin/sed
ac_cv_path_install='/usr/bin/install -c'
ac_cv_path_mkdir=/usr/bin/mkdir
ac_cv_perl_flock_implemented=yes
ac_cv_prog_AWK=mawk
ac_cv_prog_EMACS=no
ac_cv_prog_gnu_m4_debugfile=--debugfile
ac_cv_prog_gnu_m4_gnu=yes
ac_cv_prog_make_make_case=yes
ac_cv_prog_make_make_set=yes
ac_cv_sh_n_works=no
ac_cv_unsupported_fs_chars=
am_cv_lispdir='${datadir}/emacs/site-lisp'

## ----------------- ##
## Output variables. ##
## ----------------- ##

ACLOCAL='${SHELL} /home/lwanda/Desktop/js_sandbox/Autotools/autoconf-2.69/build-aux/missing --run aclocal-1.11'
AMTAR='${SHELL} /home/lwanda/Desktop/js_sandbox/Autotools/autoconf-2.69/build-aux/missing --run tar'
AUTOCONF='${SHELL} /home/lwanda/Desktop/js_sandbox/Autotools/autoconf-2.69/build-aux/missing --run autoconf'
AUTOHEADER='${SHELL} /home/lwanda/Desktop/js_sandbox/Autotools/autoconf-2.69/build-aux/missing --run autoheader'
AUTOMAKE='${SHELL} /home/lwanda/Desktop/js_sandbox/Autotools/autoconf-2.69/build-aux/missing --run automake-1.11'
AWK='mawk'
CYGPATH_W='echo'
DEFS='-DPACKAGE_NAME=\"GNU\ Autoconf\" -DPACKAGE_TARNAME=\"autoconf\" -DPACKAGE_VERSION=\"2.69\" -DPACKAGE_STRING=\"GNU\ Autoconf\ 2.69\" -DPACKAGE_BUGREPORT=\"bug-autoconf@gnu.org\" -DPACKAGE_URL=\"http://www.gnu.org/software/autoconf/\" -DPACKAGE=\"autoconf\" -DVERSION=\"2.69\"'
ECHO_C=''
ECHO_N='-n'
ECHO_T=''
EGREP='/usr/bin/grep -E'
EMACS='no'
EMACSLOADPATH=''
EXPR='/usr/bin/expr'
GREP='/usr/bin/grep'
HELP2MAN='${SHELL} /home/lwanda/Desktop/js_sandbox/Autotools/autoconf-2.69/build-aux/missing --run help2man'
INSTALL_DATA='${INSTALL} -m 644'
INSTALL_PROGRAM='${INSTALL}'
INSTALL_SCRIPT='${INSTALL}'
INSTALL_STRIP_PROGRAM='$(install_sh) -c -s'
LIBOBJS=''
LIBS=''
LTLIBOBJS=''
M4='/usr/bin/m4'
M4_DEBUGFILE='--debugfile'
M4_GNU='--gnu'
MAKEINFO='${SHELL} /home/lwanda/Desktop/js_sandbox/Autotools/autoconf-2.69/build-aux/missing --run makeinfo'
MAKE_CASE_SENSITIVE_FALSE='#'
MAKE_CASE_SENSITIVE_TRUE=''
MKDIR_P='/usr/bin/mkdir -p'
PACKAGE='autoconf'
PACKAGE_BUGREPORT='bug-autoconf@gnu.org'
PACKAGE_NAME='GNU Autoconf'
PACKAGE_STRING='GNU Autoconf 2.69'
PACKAGE_TARNAME='autoconf'
PACKAGE_URL='http://www.gnu.org/software/autoconf/'
PACKAGE_VERSION='2.69'
PATH_SEPARATOR=':'
PERL='/usr/bin/perl'
PERL_FLOCK='yes'
SED='/usr/bin/sed'
SET_MAKE=''
SHELL='/bin/bash'
STRIP=''
TEST_EMACS='no'
VERSION='2.69'
ac_cv_dir_trailing_space='yes'
ac_cv_sh_n_works='no'
ac_cv_unsupported_fs_chars=''
am__isrc=''
am__leading_dot='.'
am__tar='${AMTAR} chof - "$$tardir"'
am__untar='${AMTAR} xf -'
bindir='${exec_prefix}/bin'
build='x86_64-unknown-linux-gnu'
build_alias=''
build_cpu='x86_64'
build_os='linux-gnu'
build_vendor='unknown'
datadir='${datarootdir}'
datarootdir='${prefix}/share'
docdir='${datarootdir}/doc/${PACKAGE_TARNAME}'
dvidir='${docdir}'
exec_prefix='${prefix}'
host='x86_64-unknown-linux-gnu'
host_alias=''
host_cpu='x86_64'
host_os='linux-gnu'
host_vendor='unknown'
htmldir='${docdir}'
includedir='${prefix}/include'
infodir='${datarootdir}/info'
install_sh='${SHELL} /home/lwanda/Desktop/js_sandbox/Autotools/autoconf-2.69/build-aux/install-sh'
libdir='${exec_prefix}/lib'
libexecdir='${exec_prefix}/libexec'
lispdir='${datadir}/emacs/site-lisp'
localedir='${datarootdir}/locale'
localstatedir='${prefix}/var'
mandir='${datarootdir}/man'
mkdir_p='/usr/bin/mkdir -p'
oldincludedir='/usr/include'
pdfdir='${docdir}'
prefix='/usr/local'
program_transform_name='s,x,x,'
psdir='${docdir}'
sbindir='${exec_prefix}/sbin'
sharedstatedir='${prefix}/com'
sysconfdir='${prefix}/etc'
target_alias=''

## ----------- ##
## confdefs.h. ##
## ----------- ##

/* confdefs.h */
#define PACKAGE_NAME "GNU Autoconf"
#define PACKAGE_TARNAME "autoconf"
#define PACKAGE_VERSION "2.69"
#define PACKAGE_STRING "GNU Autoconf 2.69"
#define PACKAGE_BUGREPORT "bug-autoconf@gnu.org"
#define PACKAGE_URL "http://www.gnu.org/software/autoconf/"
#define PACKAGE "autoconf"
#define VERSION "2.69"

configure: exit 0
